Building DAG of jobs...
Using shell: /usr/bin/bash
Provided cores: 1 (use --cores to define parallelism)
Rules claiming more threads will be scaled down.
Job stats:
job         count
--------  -------
all             1
ggcaller       20
total          21

Select jobs to execute...

[Tue Jun  4 16:29:10 2024]
rule ggcaller:
    input: ../clusters/cluster_lists/mge_cluster/addenbrookes/cluster_22_list.txt
    output: ggcaller/mge_cluster/cluster_22
    jobid: 18
    reason: Missing output files: ggcaller/mge_cluster/cluster_22
    wildcards: cluster=cluster_22
    resources: tmpdir=/tmp

Activating conda environment: ggc_env
[Tue Jun  4 16:29:13 2024]
Error in rule ggcaller:
    jobid: 18
    input: ../clusters/cluster_lists/mge_cluster/addenbrookes/cluster_22_list.txt
    output: ggcaller/mge_cluster/cluster_22
    conda-env: ggc_env
    shell:
        ggcaller --refs ../clusters/cluster_lists/mge_cluster/addenbrookes/cluster_22_list.txt --out ggcaller/mge_cluster/cluster_22 --repeat
        (one of the commands exited with non-zero exit code; note that snakemake uses bash strict mode!)

Removing output files of failed job ggcaller since they might be corrupted:
ggcaller/mge_cluster/cluster_22
Select jobs to execute...

[Tue Jun  4 16:29:13 2024]
rule ggcaller:
    input: ../clusters/cluster_lists/mge_cluster/addenbrookes/cluster_18_list.txt
    output: ggcaller/mge_cluster/cluster_18
    jobid: 3
    reason: Missing output files: ggcaller/mge_cluster/cluster_18
    wildcards: cluster=cluster_18
    resources: tmpdir=/tmp

Activating conda environment: ggc_env
[Tue Jun  4 16:42:24 2024]
Finished job 3.
1 of 21 steps (5%) done
Select jobs to execute...

[Tue Jun  4 16:42:24 2024]
rule ggcaller:
    input: ../clusters/cluster_lists/mge_cluster/addenbrookes/cluster_6_list.txt
    output: ggcaller/mge_cluster/cluster_6
    jobid: 11
    reason: Missing output files: ggcaller/mge_cluster/cluster_6
    wildcards: cluster=cluster_6
    resources: tmpdir=/tmp

Activating conda environment: ggc_env
[Tue Jun  4 16:42:53 2024]
Finished job 11.
2 of 21 steps (10%) done
Select jobs to execute...

[Tue Jun  4 16:42:53 2024]
rule ggcaller:
    input: ../clusters/cluster_lists/mge_cluster/addenbrookes/cluster_21_list.txt
    output: ggcaller/mge_cluster/cluster_21
    jobid: 13
    reason: Missing output files: ggcaller/mge_cluster/cluster_21
    wildcards: cluster=cluster_21
    resources: tmpdir=/tmp

Activating conda environment: ggc_env
[Tue Jun  4 16:43:30 2024]
Finished job 13.
3 of 21 steps (14%) done
Select jobs to execute...

[Tue Jun  4 16:43:30 2024]
rule ggcaller:
    input: ../clusters/cluster_lists/mge_cluster/addenbrookes/cluster_20_list.txt
    output: ggcaller/mge_cluster/cluster_20
    jobid: 15
    reason: Missing output files: ggcaller/mge_cluster/cluster_20
    wildcards: cluster=cluster_20
    resources: tmpdir=/tmp

Activating conda environment: ggc_env
[Tue Jun  4 16:44:01 2024]
Finished job 15.
4 of 21 steps (19%) done
Select jobs to execute...

[Tue Jun  4 16:44:01 2024]
rule ggcaller:
    input: ../clusters/cluster_lists/mge_cluster/addenbrookes/cluster_2_list.txt
    output: ggcaller/mge_cluster/cluster_2
    jobid: 16
    reason: Missing output files: ggcaller/mge_cluster/cluster_2
    wildcards: cluster=cluster_2
    resources: tmpdir=/tmp

Activating conda environment: ggc_env
[Tue Jun  4 16:44:18 2024]
Finished job 16.
5 of 21 steps (24%) done
Select jobs to execute...

[Tue Jun  4 16:44:18 2024]
rule ggcaller:
    input: ../clusters/cluster_lists/mge_cluster/addenbrookes/cluster_12_list.txt
    output: ggcaller/mge_cluster/cluster_12
    jobid: 1
    reason: Missing output files: ggcaller/mge_cluster/cluster_12
    wildcards: cluster=cluster_12
    resources: tmpdir=/tmp

Activating conda environment: ggc_env
[Tue Jun  4 16:44:59 2024]
Finished job 1.
6 of 21 steps (29%) done
Select jobs to execute...

[Tue Jun  4 16:44:59 2024]
rule ggcaller:
    input: ../clusters/cluster_lists/mge_cluster/addenbrookes/cluster_13_list.txt
    output: ggcaller/mge_cluster/cluster_13
    jobid: 20
    reason: Missing output files: ggcaller/mge_cluster/cluster_13
    wildcards: cluster=cluster_13
    resources: tmpdir=/tmp

Activating conda environment: ggc_env
[Tue Jun  4 16:46:13 2024]
Finished job 20.
7 of 21 steps (33%) done
Select jobs to execute...

[Tue Jun  4 16:46:13 2024]
rule ggcaller:
    input: ../clusters/cluster_lists/mge_cluster/addenbrookes/cluster_0_list.txt
    output: ggcaller/mge_cluster/cluster_0
    jobid: 5
    reason: Missing output files: ggcaller/mge_cluster/cluster_0
    wildcards: cluster=cluster_0
    resources: tmpdir=/tmp

Activating conda environment: ggc_env
[Tue Jun  4 16:46:29 2024]
Finished job 5.
8 of 21 steps (38%) done
Select jobs to execute...

[Tue Jun  4 16:46:29 2024]
rule ggcaller:
    input: ../clusters/cluster_lists/mge_cluster/addenbrookes/cluster_5_list.txt
    output: ggcaller/mge_cluster/cluster_5
    jobid: 22
    reason: Missing output files: ggcaller/mge_cluster/cluster_5
    wildcards: cluster=cluster_5
    resources: tmpdir=/tmp

Activating conda environment: ggc_env
[Tue Jun  4 16:46:53 2024]
Finished job 22.
9 of 21 steps (43%) done
Select jobs to execute...

[Tue Jun  4 16:46:53 2024]
rule ggcaller:
    input: ../clusters/cluster_lists/mge_cluster/addenbrookes/cluster_8_list.txt
    output: ggcaller/mge_cluster/cluster_8
    jobid: 7
    reason: Missing output files: ggcaller/mge_cluster/cluster_8
    wildcards: cluster=cluster_8
    resources: tmpdir=/tmp

Activating conda environment: ggc_env
[Tue Jun  4 16:47:11 2024]
Finished job 7.
10 of 21 steps (48%) done
Select jobs to execute...

[Tue Jun  4 16:47:11 2024]
rule ggcaller:
    input: ../clusters/cluster_lists/mge_cluster/addenbrookes/cluster_24_list.txt
    output: ggcaller/mge_cluster/cluster_24
    jobid: 14
    reason: Missing output files: ggcaller/mge_cluster/cluster_24
    wildcards: cluster=cluster_24
    resources: tmpdir=/tmp

Activating conda environment: ggc_env
[Tue Jun  4 16:47:38 2024]
Finished job 14.
11 of 21 steps (52%) done
Select jobs to execute...

[Tue Jun  4 16:47:38 2024]
rule ggcaller:
    input: ../clusters/cluster_lists/mge_cluster/addenbrookes/cluster_4_list.txt
    output: ggcaller/mge_cluster/cluster_4
    jobid: 12
    reason: Missing output files: ggcaller/mge_cluster/cluster_4
    wildcards: cluster=cluster_4
    resources: tmpdir=/tmp

Activating conda environment: ggc_env
[Tue Jun  4 16:48:19 2024]
Finished job 12.
12 of 21 steps (57%) done
Select jobs to execute...

[Tue Jun  4 16:48:19 2024]
rule ggcaller:
    input: ../clusters/cluster_lists/mge_cluster/addenbrookes/cluster_16_list.txt
    output: ggcaller/mge_cluster/cluster_16
    jobid: 8
    reason: Missing output files: ggcaller/mge_cluster/cluster_16
    wildcards: cluster=cluster_16
    resources: tmpdir=/tmp

Activating conda environment: ggc_env
[Tue Jun  4 16:48:53 2024]
Finished job 8.
13 of 21 steps (62%) done
Select jobs to execute...

[Tue Jun  4 16:48:53 2024]
rule ggcaller:
    input: ../clusters/cluster_lists/mge_cluster/addenbrookes/cluster_17_list.txt
    output: ggcaller/mge_cluster/cluster_17
    jobid: 23
    reason: Missing output files: ggcaller/mge_cluster/cluster_17
    wildcards: cluster=cluster_17
    resources: tmpdir=/tmp

Activating conda environment: ggc_env
[Tue Jun  4 16:49:14 2024]
Finished job 23.
14 of 21 steps (67%) done
Select jobs to execute...

[Tue Jun  4 16:49:14 2024]
rule ggcaller:
    input: ../clusters/cluster_lists/mge_cluster/addenbrookes/cluster_10_list.txt
    output: ggcaller/mge_cluster/cluster_10
    jobid: 6
    reason: Missing output files: ggcaller/mge_cluster/cluster_10
    wildcards: cluster=cluster_10
    resources: tmpdir=/tmp

Activating conda environment: ggc_env
[Tue Jun  4 16:49:49 2024]
Finished job 6.
15 of 21 steps (71%) done
Select jobs to execute...

[Tue Jun  4 16:49:49 2024]
rule ggcaller:
    input: ../clusters/cluster_lists/mge_cluster/addenbrookes/cluster_11_list.txt
    output: ggcaller/mge_cluster/cluster_11
    jobid: 21
    reason: Missing output files: ggcaller/mge_cluster/cluster_11
    wildcards: cluster=cluster_11
    resources: tmpdir=/tmp

Activating conda environment: ggc_env
[Tue Jun  4 16:50:09 2024]
Finished job 21.
16 of 21 steps (76%) done
Select jobs to execute...

[Tue Jun  4 16:50:09 2024]
rule ggcaller:
    input: ../clusters/cluster_lists/mge_cluster/addenbrookes/cluster_1_list.txt
    output: ggcaller/mge_cluster/cluster_1
    jobid: 4
    reason: Missing output files: ggcaller/mge_cluster/cluster_1
    wildcards: cluster=cluster_1
    resources: tmpdir=/tmp

Activating conda environment: ggc_env
[Tue Jun  4 16:50:26 2024]
Finished job 4.
17 of 21 steps (81%) done
Select jobs to execute...

[Tue Jun  4 16:50:26 2024]
rule ggcaller:
    input: ../clusters/cluster_lists/mge_cluster/addenbrookes/cluster_14_list.txt
    output: ggcaller/mge_cluster/cluster_14
    jobid: 9
    reason: Missing output files: ggcaller/mge_cluster/cluster_14
    wildcards: cluster=cluster_14
    resources: tmpdir=/tmp

Activating conda environment: ggc_env
[Tue Jun  4 16:51:47 2024]
Finished job 9.
18 of 21 steps (86%) done
Select jobs to execute...

[Tue Jun  4 16:51:47 2024]
rule ggcaller:
    input: ../clusters/cluster_lists/mge_cluster/addenbrookes/cluster_23_list.txt
    output: ggcaller/mge_cluster/cluster_23
    jobid: 19
    reason: Missing output files: ggcaller/mge_cluster/cluster_23
    wildcards: cluster=cluster_23
    resources: tmpdir=/tmp

Activating conda environment: ggc_env
[Tue Jun  4 16:52:30 2024]
Finished job 19.
19 of 21 steps (90%) done
Exiting because a job execution failed. Look above for error message
Complete log: .snakemake/log/2024-06-04T162907.642624.snakemake.log
