Building DAG of jobs...
Using shell: /usr/bin/bash
Provided cores: 1 (use --cores to define parallelism)
Rules claiming more threads will be scaled down.
Job stats:
job         count
--------  -------
all             1
ggcaller       25
total          26

Select jobs to execute...

[Tue Jun  4 16:20:47 2024]
rule ggcaller:
    input: ../clusters/cluster_lists/mge_cluster/addenbrookes/cluster_19_list.txt
    output: ggcaller/mge_cluster/cluster_19
    jobid: 24
    reason: Missing output files: ggcaller/mge_cluster/cluster_19
    wildcards: cluster=cluster_19
    resources: tmpdir=/tmp

Activating conda environment: ggc_env
[Tue Jun  4 16:22:16 2024]
Finished job 24.
1 of 26 steps (4%) done
Select jobs to execute...

[Tue Jun  4 16:22:16 2024]
rule ggcaller:
    input: ../clusters/cluster_lists/mge_cluster/addenbrookes/cluster_15_list.txt
    output: ggcaller/mge_cluster/cluster_15
    jobid: 17
    reason: Missing output files: ggcaller/mge_cluster/cluster_15
    wildcards: cluster=cluster_15
    resources: tmpdir=/tmp

Activating conda environment: ggc_env
[Tue Jun  4 16:22:34 2024]
Finished job 17.
2 of 26 steps (8%) done
Select jobs to execute...

[Tue Jun  4 16:22:34 2024]
rule ggcaller:
    input: ../clusters/cluster_lists/mge_cluster/addenbrookes/cluster_3_list.txt
    output: ggcaller/mge_cluster/cluster_3
    jobid: 2
    reason: Missing output files: ggcaller/mge_cluster/cluster_3
    wildcards: cluster=cluster_3
    resources: tmpdir=/tmp

Activating conda environment: ggc_env
[Tue Jun  4 16:22:51 2024]
Finished job 2.
3 of 26 steps (12%) done
Select jobs to execute...

[Tue Jun  4 16:22:51 2024]
rule ggcaller:
    input: ../clusters/cluster_lists/mge_cluster/addenbrookes/cluster_7_list.txt
    output: ggcaller/mge_cluster/cluster_7
    jobid: 10
    reason: Missing output files: ggcaller/mge_cluster/cluster_7
    wildcards: cluster=cluster_7
    resources: tmpdir=/tmp

Activating conda environment: ggc_env
[Tue Jun  4 16:23:18 2024]
Finished job 10.
4 of 26 steps (15%) done
Select jobs to execute...

[Tue Jun  4 16:23:18 2024]
rule ggcaller:
    input: ../clusters/cluster_lists/mge_cluster/addenbrookes/cluster_9_list.txt
    output: ggcaller/mge_cluster/cluster_9
    jobid: 25
    reason: Missing output files: ggcaller/mge_cluster/cluster_9
    wildcards: cluster=cluster_9
    resources: tmpdir=/tmp

Activating conda environment: ggc_env
[Tue Jun  4 16:23:35 2024]
Finished job 25.
5 of 26 steps (19%) done
Select jobs to execute...

[Tue Jun  4 16:23:35 2024]
rule ggcaller:
    input: ../clusters/cluster_lists/mge_cluster/addenbrookes/cluster_22_list.txt
    output: ggcaller/mge_cluster/cluster_22
    jobid: 18
    reason: Missing output files: ggcaller/mge_cluster/cluster_22
    wildcards: cluster=cluster_22
    resources: tmpdir=/tmp

Activating conda environment: ggc_env
[Tue Jun  4 16:23:38 2024]
Error in rule ggcaller:
    jobid: 18
    input: ../clusters/cluster_lists/mge_cluster/addenbrookes/cluster_22_list.txt
    output: ggcaller/mge_cluster/cluster_22
    conda-env: ggc_env
    shell:
        ggcaller --refs ../clusters/cluster_lists/mge_cluster/addenbrookes/cluster_22_list.txt --out ggcaller/mge_cluster/cluster_22 --repeat
        (one of the commands exited with non-zero exit code; note that snakemake uses bash strict mode!)

Removing output files of failed job ggcaller since they might be corrupted:
ggcaller/mge_cluster/cluster_22
Shutting down, this might take some time.
Exiting because a job execution failed. Look above for error message
Complete log: .snakemake/log/2024-06-04T162046.846868.snakemake.log
