Building DAG of jobs...
Using shell: /usr/bin/bash
Provided cores: 1 (use --cores to define parallelism)
Rules claiming more threads will be scaled down.
Job stats:
job         count
--------  -------
all             1
ggcaller       25
total          26

Select jobs to execute...

[Tue Jun  4 16:06:52 2024]
rule ggcaller:
    input: ../clusters/cluster_lists/pling/addenbrookes/community_13_subcommunity_0.txt
    output: ggcaller/pling/community_13_subcommunity_0
    jobid: 24
    reason: Code has changed since last execution
    wildcards: cluster=community_13_subcommunity_0
    resources: tmpdir=/tmp

Activating conda environment: ggc_env
[Tue Jun  4 16:07:09 2024]
Finished job 24.
1 of 26 steps (4%) done
Select jobs to execute...

[Tue Jun  4 16:07:09 2024]
rule ggcaller:
    input: ../clusters/cluster_lists/pling/addenbrookes/community_18_subcommunity_0.txt
    output: ggcaller/pling/community_18_subcommunity_0
    jobid: 17
    reason: Missing output files: ggcaller/pling/community_18_subcommunity_0
    wildcards: cluster=community_18_subcommunity_0
    resources: tmpdir=/tmp

Activating conda environment: ggc_env
[Tue Jun  4 16:07:35 2024]
Finished job 17.
2 of 26 steps (8%) done
Select jobs to execute...

[Tue Jun  4 16:07:35 2024]
rule ggcaller:
    input: ../clusters/cluster_lists/pling/addenbrookes/community_8_subcommunity_12.txt
    output: ggcaller/pling/community_8_subcommunity_12
    jobid: 2
    reason: Missing output files: ggcaller/pling/community_8_subcommunity_12
    wildcards: cluster=community_8_subcommunity_12
    resources: tmpdir=/tmp

Activating conda environment: ggc_env
[Tue Jun  4 16:08:00 2024]
Finished job 2.
3 of 26 steps (12%) done
Select jobs to execute...

[Tue Jun  4 16:08:00 2024]
rule ggcaller:
    input: ../clusters/cluster_lists/pling/addenbrookes/community_16_subcommunity_0.txt
    output: ggcaller/pling/community_16_subcommunity_0
    jobid: 10
    reason: Missing output files: ggcaller/pling/community_16_subcommunity_0
    wildcards: cluster=community_16_subcommunity_0
    resources: tmpdir=/tmp

Activating conda environment: ggc_env
[Tue Jun  4 16:08:23 2024]
Finished job 10.
4 of 26 steps (15%) done
Select jobs to execute...

[Tue Jun  4 16:08:23 2024]
rule ggcaller:
    input: ../clusters/cluster_lists/pling/addenbrookes/community_3_subcommunity_0.txt
    output: ggcaller/pling/community_3_subcommunity_0
    jobid: 25
    reason: Missing output files: ggcaller/pling/community_3_subcommunity_0
    wildcards: cluster=community_3_subcommunity_0
    resources: tmpdir=/tmp

Activating conda environment: ggc_env
[Tue Jun  4 16:08:41 2024]
Finished job 25.
5 of 26 steps (19%) done
Select jobs to execute...

[Tue Jun  4 16:08:41 2024]
rule ggcaller:
    input: ../clusters/cluster_lists/pling/addenbrookes/community_2_subcommunity_0.txt
    output: ggcaller/pling/community_2_subcommunity_0
    jobid: 18
    reason: Missing output files: ggcaller/pling/community_2_subcommunity_0
    wildcards: cluster=community_2_subcommunity_0
    resources: tmpdir=/tmp

Activating conda environment: ggc_env
[Tue Jun  4 16:09:02 2024]
Finished job 18.
6 of 26 steps (23%) done
Select jobs to execute...

[Tue Jun  4 16:09:02 2024]
rule ggcaller:
    input: ../clusters/cluster_lists/pling/addenbrookes/community_8_subcommunity_14.txt
    output: ggcaller/pling/community_8_subcommunity_14
    jobid: 3
    reason: Missing output files: ggcaller/pling/community_8_subcommunity_14
    wildcards: cluster=community_8_subcommunity_14
    resources: tmpdir=/tmp

Activating conda environment: ggc_env
[Tue Jun  4 16:09:24 2024]
Finished job 3.
7 of 26 steps (27%) done
Select jobs to execute...

[Tue Jun  4 16:09:24 2024]
rule ggcaller:
    input: ../clusters/cluster_lists/pling/addenbrookes/community_5_subcommunity_4.txt
    output: ggcaller/pling/community_5_subcommunity_4
    jobid: 11
    reason: Missing output files: ggcaller/pling/community_5_subcommunity_4
    wildcards: cluster=community_5_subcommunity_4
    resources: tmpdir=/tmp

Activating conda environment: ggc_env
[Tue Jun  4 16:09:45 2024]
Finished job 11.
8 of 26 steps (31%) done
Select jobs to execute...

[Tue Jun  4 16:09:45 2024]
rule ggcaller:
    input: ../clusters/cluster_lists/pling/addenbrookes/community_1_subcommunity_17.txt
    output: ggcaller/pling/community_1_subcommunity_17
    jobid: 13
    reason: Missing output files: ggcaller/pling/community_1_subcommunity_17
    wildcards: cluster=community_1_subcommunity_17
    resources: tmpdir=/tmp

Activating conda environment: ggc_env
[Tue Jun  4 16:10:14 2024]
Finished job 13.
9 of 26 steps (35%) done
Select jobs to execute...

[Tue Jun  4 16:10:14 2024]
rule ggcaller:
    input: ../clusters/cluster_lists/pling/addenbrookes/community_9_subcommunity_0.txt
    output: ggcaller/pling/community_9_subcommunity_0
    jobid: 15
    reason: Missing output files: ggcaller/pling/community_9_subcommunity_0
    wildcards: cluster=community_9_subcommunity_0
    resources: tmpdir=/tmp

Activating conda environment: ggc_env
[Tue Jun  4 16:10:34 2024]
Finished job 15.
10 of 26 steps (38%) done
Select jobs to execute...

[Tue Jun  4 16:10:34 2024]
rule ggcaller:
    input: ../clusters/cluster_lists/pling/addenbrookes/community_4_subcommunity_2.txt
    output: ggcaller/pling/community_4_subcommunity_2
    jobid: 16
    reason: Missing output files: ggcaller/pling/community_4_subcommunity_2
    wildcards: cluster=community_4_subcommunity_2
    resources: tmpdir=/tmp

Activating conda environment: ggc_env
[Tue Jun  4 16:12:11 2024]
Finished job 16.
11 of 26 steps (42%) done
Select jobs to execute...

[Tue Jun  4 16:12:11 2024]
rule ggcaller:
    input: ../clusters/cluster_lists/pling/addenbrookes/community_8_subcommunity_11.txt
    output: ggcaller/pling/community_8_subcommunity_11
    jobid: 1
    reason: Missing output files: ggcaller/pling/community_8_subcommunity_11
    wildcards: cluster=community_8_subcommunity_11
    resources: tmpdir=/tmp

Activating conda environment: ggc_env
[Tue Jun  4 16:12:32 2024]
Finished job 1.
12 of 26 steps (46%) done
Select jobs to execute...

[Tue Jun  4 16:12:32 2024]
rule ggcaller:
    input: ../clusters/cluster_lists/pling/addenbrookes/community_15_subcommunity_0.txt
    output: ggcaller/pling/community_15_subcommunity_0
    jobid: 20
    reason: Missing output files: ggcaller/pling/community_15_subcommunity_0
    wildcards: cluster=community_15_subcommunity_0
    resources: tmpdir=/tmp

Activating conda environment: ggc_env
[Tue Jun  4 16:12:50 2024]
Finished job 20.
13 of 26 steps (50%) done
Select jobs to execute...

[Tue Jun  4 16:12:50 2024]
rule ggcaller:
    input: ../clusters/cluster_lists/pling/addenbrookes/community_1_subcommunity_18.txt
    output: ggcaller/pling/community_1_subcommunity_18
    jobid: 5
    reason: Missing output files: ggcaller/pling/community_1_subcommunity_18
    wildcards: cluster=community_1_subcommunity_18
    resources: tmpdir=/tmp

Activating conda environment: ggc_env
[Tue Jun  4 16:13:40 2024]
Finished job 5.
14 of 26 steps (54%) done
Select jobs to execute...

[Tue Jun  4 16:13:40 2024]
rule ggcaller:
    input: ../clusters/cluster_lists/pling/addenbrookes/community_8_subcommunity_13.txt
    output: ggcaller/pling/community_8_subcommunity_13
    jobid: 22
    reason: Missing output files: ggcaller/pling/community_8_subcommunity_13
    wildcards: cluster=community_8_subcommunity_13
    resources: tmpdir=/tmp

Activating conda environment: ggc_env
[Tue Jun  4 16:14:04 2024]
Finished job 22.
15 of 26 steps (58%) done
Select jobs to execute...

[Tue Jun  4 16:14:04 2024]
rule ggcaller:
    input: ../clusters/cluster_lists/pling/addenbrookes/community_1_subcommunity_20.txt
    output: ggcaller/pling/community_1_subcommunity_20
    jobid: 7
    reason: Missing output files: ggcaller/pling/community_1_subcommunity_20
    wildcards: cluster=community_1_subcommunity_20
    resources: tmpdir=/tmp

Activating conda environment: ggc_env
[Tue Jun  4 16:14:31 2024]
Finished job 7.
16 of 26 steps (62%) done
Select jobs to execute...

[Tue Jun  4 16:14:31 2024]
rule ggcaller:
    input: ../clusters/cluster_lists/pling/addenbrookes/community_1_subcommunity_19.txt
    output: ggcaller/pling/community_1_subcommunity_19
    jobid: 14
    reason: Missing output files: ggcaller/pling/community_1_subcommunity_19
    wildcards: cluster=community_1_subcommunity_19
    resources: tmpdir=/tmp

Activating conda environment: ggc_env
[Tue Jun  4 16:14:52 2024]
Finished job 14.
17 of 26 steps (65%) done
Select jobs to execute...

[Tue Jun  4 16:14:52 2024]
rule ggcaller:
    input: ../clusters/cluster_lists/pling/addenbrookes/community_6_subcommunity_2.txt
    output: ggcaller/pling/community_6_subcommunity_2
    jobid: 12
    reason: Missing output files: ggcaller/pling/community_6_subcommunity_2
    wildcards: cluster=community_6_subcommunity_2
    resources: tmpdir=/tmp

Activating conda environment: ggc_env
[Tue Jun  4 16:15:16 2024]
Finished job 12.
18 of 26 steps (69%) done
Select jobs to execute...

[Tue Jun  4 16:15:16 2024]
rule ggcaller:
    input: ../clusters/cluster_lists/pling/addenbrookes/community_4_subcommunity_1.txt
    output: ggcaller/pling/community_4_subcommunity_1
    jobid: 8
    reason: Missing output files: ggcaller/pling/community_4_subcommunity_1
    wildcards: cluster=community_4_subcommunity_1
    resources: tmpdir=/tmp

Activating conda environment: ggc_env
[Tue Jun  4 16:16:11 2024]
Finished job 8.
19 of 26 steps (73%) done
Select jobs to execute...

[Tue Jun  4 16:16:11 2024]
rule ggcaller:
    input: ../clusters/cluster_lists/pling/addenbrookes/community_1_subcommunity_16.txt
    output: ggcaller/pling/community_1_subcommunity_16
    jobid: 23
    reason: Missing output files: ggcaller/pling/community_1_subcommunity_16
    wildcards: cluster=community_1_subcommunity_16
    resources: tmpdir=/tmp

Activating conda environment: ggc_env
[Tue Jun  4 16:16:44 2024]
Finished job 23.
20 of 26 steps (77%) done
Select jobs to execute...

[Tue Jun  4 16:16:44 2024]
rule ggcaller:
    input: ../clusters/cluster_lists/pling/addenbrookes/community_4_subcommunity_0.txt
    output: ggcaller/pling/community_4_subcommunity_0
    jobid: 6
    reason: Missing output files: ggcaller/pling/community_4_subcommunity_0
    wildcards: cluster=community_4_subcommunity_0
    resources: tmpdir=/tmp

Activating conda environment: ggc_env
[Tue Jun  4 16:17:37 2024]
Finished job 6.
21 of 26 steps (81%) done
Select jobs to execute...

[Tue Jun  4 16:17:37 2024]
rule ggcaller:
    input: ../clusters/cluster_lists/pling/addenbrookes/community_14_subcommunity_0.txt
    output: ggcaller/pling/community_14_subcommunity_0
    jobid: 21
    reason: Missing output files: ggcaller/pling/community_14_subcommunity_0
    wildcards: cluster=community_14_subcommunity_0
    resources: tmpdir=/tmp

Activating conda environment: ggc_env
[Tue Jun  4 16:17:54 2024]
Finished job 21.
22 of 26 steps (85%) done
Select jobs to execute...

[Tue Jun  4 16:17:54 2024]
rule ggcaller:
    input: ../clusters/cluster_lists/pling/addenbrookes/community_0_subcommunity_2.txt
    output: ggcaller/pling/community_0_subcommunity_2
    jobid: 4
    reason: Missing output files: ggcaller/pling/community_0_subcommunity_2
    wildcards: cluster=community_0_subcommunity_2
    resources: tmpdir=/tmp

Activating conda environment: ggc_env
[Tue Jun  4 16:19:24 2024]
Finished job 4.
23 of 26 steps (88%) done
Select jobs to execute...

[Tue Jun  4 16:19:24 2024]
rule ggcaller:
    input: ../clusters/cluster_lists/pling/addenbrookes/community_1_subcommunity_21.txt
    output: ggcaller/pling/community_1_subcommunity_21
    jobid: 9
    reason: Missing output files: ggcaller/pling/community_1_subcommunity_21
    wildcards: cluster=community_1_subcommunity_21
    resources: tmpdir=/tmp

Activating conda environment: ggc_env
[Tue Jun  4 16:19:46 2024]
Finished job 9.
24 of 26 steps (92%) done
Select jobs to execute...

[Tue Jun  4 16:19:46 2024]
rule ggcaller:
    input: ../clusters/cluster_lists/pling/addenbrookes/community_17_subcommunity_0.txt
    output: ggcaller/pling/community_17_subcommunity_0
    jobid: 19
    reason: Missing output files: ggcaller/pling/community_17_subcommunity_0
    wildcards: cluster=community_17_subcommunity_0
    resources: tmpdir=/tmp

Activating conda environment: ggc_env
[Tue Jun  4 16:20:18 2024]
Finished job 19.
25 of 26 steps (96%) done
Select jobs to execute...

[Tue Jun  4 16:20:18 2024]
localrule all:
    input: ggcaller/pling/community_8_subcommunity_11, ggcaller/pling/community_8_subcommunity_12, ggcaller/pling/community_8_subcommunity_14, ggcaller/pling/community_0_subcommunity_2, ggcaller/pling/community_1_subcommunity_18, ggcaller/pling/community_4_subcommunity_0, ggcaller/pling/community_1_subcommunity_20, ggcaller/pling/community_4_subcommunity_1, ggcaller/pling/community_1_subcommunity_21, ggcaller/pling/community_16_subcommunity_0, ggcaller/pling/community_5_subcommunity_4, ggcaller/pling/community_6_subcommunity_2, ggcaller/pling/community_1_subcommunity_17, ggcaller/pling/community_1_subcommunity_19, ggcaller/pling/community_9_subcommunity_0, ggcaller/pling/community_4_subcommunity_2, ggcaller/pling/community_18_subcommunity_0, ggcaller/pling/community_2_subcommunity_0, ggcaller/pling/community_17_subcommunity_0, ggcaller/pling/community_15_subcommunity_0, ggcaller/pling/community_14_subcommunity_0, ggcaller/pling/community_8_subcommunity_13, ggcaller/pling/community_1_subcommunity_16, ggcaller/pling/community_13_subcommunity_0, ggcaller/pling/community_3_subcommunity_0
    jobid: 0
    reason: Input files updated by another job: ggcaller/pling/community_8_subcommunity_11, ggcaller/pling/community_1_subcommunity_19, ggcaller/pling/community_0_subcommunity_2, ggcaller/pling/community_1_subcommunity_21, ggcaller/pling/community_2_subcommunity_0, ggcaller/pling/community_14_subcommunity_0, ggcaller/pling/community_8_subcommunity_12, ggcaller/pling/community_18_subcommunity_0, ggcaller/pling/community_9_subcommunity_0, ggcaller/pling/community_8_subcommunity_13, ggcaller/pling/community_3_subcommunity_0, ggcaller/pling/community_6_subcommunity_2, ggcaller/pling/community_1_subcommunity_20, ggcaller/pling/community_5_subcommunity_4, ggcaller/pling/community_4_subcommunity_0, ggcaller/pling/community_16_subcommunity_0, ggcaller/pling/community_4_subcommunity_1, ggcaller/pling/community_4_subcommunity_2, ggcaller/pling/community_1_subcommunity_16, ggcaller/pling/community_13_subcommunity_0, ggcaller/pling/community_1_subcommunity_18, ggcaller/pling/community_1_subcommunity_17, ggcaller/pling/community_15_subcommunity_0, ggcaller/pling/community_17_subcommunity_0, ggcaller/pling/community_8_subcommunity_14
    resources: tmpdir=/tmp

[Tue Jun  4 16:20:18 2024]
Finished job 0.
26 of 26 steps (100%) done
Complete log: .snakemake/log/2024-06-04T160650.031840.snakemake.log
