Building DAG of jobs...
Using shell: /usr/bin/bash
Provided cores: 1 (use --cores to define parallelism)
Rules claiming more threads will be scaled down.
Conda environments: ignored
Job stats:
job         count
--------  -------
all             1
ggcaller       25
total          26

Select jobs to execute...

[Tue Jun  4 15:10:05 2024]
rule ggcaller:
    input: ../clusters/cluster_lists/pling/addenbrookes/community_13_subcommunity_0.txt
    output: ggcaller/pling/community_13_subcommunity_0
    jobid: 24
    reason: Missing output files: ggcaller/pling/community_13_subcommunity_0
    wildcards: cluster=community_13_subcommunity_0
    resources: tmpdir=/tmp

[Tue Jun  4 15:10:05 2024]
Error in rule ggcaller:
    jobid: 24
    input: ../clusters/cluster_lists/pling/addenbrookes/community_13_subcommunity_0.txt
    output: ggcaller/pling/community_13_subcommunity_0
    conda-env: ggc_env
    shell:
        ggcaller --refs ../clusters/cluster_lists/pling/addenbrookes/community_13_subcommunity_0.txt --out ggcaller/pling/community_13_subcommunity_0 --repeat
        (one of the commands exited with non-zero exit code; note that snakemake uses bash strict mode!)

Shutting down, this might take some time.
Exiting because a job execution failed. Look above for error message
Complete log: .snakemake/log/2024-06-04T151005.023822.snakemake.log
