Building DAG of jobs...
Using shell: /usr/bin/bash
Provided cores: 1 (use --cores to define parallelism)
Rules claiming more threads will be scaled down.
Job stats:
job         count
--------  -------
all             1
ggcaller       33
total          34

Select jobs to execute...

[Tue Jun  4 15:34:07 2024]
rule ggcaller:
    input: ../clusters/cluster_lists/MOB_secondary/addenbrookes/cluster_AA137_list.txt
    output: ggcaller/MOB_secondary/cluster_AA137
    jobid: 29
    reason: Missing output files: ggcaller/MOB_secondary/cluster_AA137
    wildcards: cluster=cluster_AA137
    resources: tmpdir=/tmp

Activating conda environment: ggc_env
[Tue Jun  4 15:35:44 2024]
Finished job 29.
1 of 34 steps (3%) done
Select jobs to execute...

[Tue Jun  4 15:35:44 2024]
rule ggcaller:
    input: ../clusters/cluster_lists/MOB_secondary/addenbrookes/cluster_AA125_list.txt
    output: ggcaller/MOB_secondary/cluster_AA125
    jobid: 24
    reason: Missing output files: ggcaller/MOB_secondary/cluster_AA125
    wildcards: cluster=cluster_AA125
    resources: tmpdir=/tmp

Activating conda environment: ggc_env
[Tue Jun  4 15:36:04 2024]
Finished job 24.
2 of 34 steps (6%) done
Select jobs to execute...

[Tue Jun  4 15:36:04 2024]
rule ggcaller:
    input: ../clusters/cluster_lists/MOB_secondary/addenbrookes/cluster_AA103_list.txt
    output: ggcaller/MOB_secondary/cluster_AA103
    jobid: 17
    reason: Missing output files: ggcaller/MOB_secondary/cluster_AA103
    wildcards: cluster=cluster_AA103
    resources: tmpdir=/tmp

Activating conda environment: ggc_env
[Tue Jun  4 15:36:32 2024]
Finished job 17.
3 of 34 steps (9%) done
Select jobs to execute...

[Tue Jun  4 15:36:32 2024]
rule ggcaller:
    input: ../clusters/cluster_lists/MOB_secondary/addenbrookes/cluster_AA180_list.txt
    output: ggcaller/MOB_secondary/cluster_AA180
    jobid: 2
    reason: Missing output files: ggcaller/MOB_secondary/cluster_AA180
    wildcards: cluster=cluster_AA180
    resources: tmpdir=/tmp

Activating conda environment: ggc_env
[Tue Jun  4 15:36:49 2024]
Finished job 2.
4 of 34 steps (12%) done
Select jobs to execute...

[Tue Jun  4 15:36:49 2024]
rule ggcaller:
    input: ../clusters/cluster_lists/MOB_secondary/addenbrookes/cluster_AA113_list.txt
    output: ggcaller/MOB_secondary/cluster_AA113
    jobid: 32
    reason: Missing output files: ggcaller/MOB_secondary/cluster_AA113
    wildcards: cluster=cluster_AA113
    resources: tmpdir=/tmp

Activating conda environment: ggc_env
[Tue Jun  4 15:37:11 2024]
Finished job 32.
5 of 34 steps (15%) done
Select jobs to execute...

[Tue Jun  4 15:37:11 2024]
rule ggcaller:
    input: ../clusters/cluster_lists/MOB_secondary/addenbrookes/cluster_AA126_list.txt
    output: ggcaller/MOB_secondary/cluster_AA126
    jobid: 10
    reason: Missing output files: ggcaller/MOB_secondary/cluster_AA126
    wildcards: cluster=cluster_AA126
    resources: tmpdir=/tmp

Activating conda environment: ggc_env
[Tue Jun  4 15:37:34 2024]
Finished job 10.
6 of 34 steps (18%) done
Select jobs to execute...

[Tue Jun  4 15:37:34 2024]
rule ggcaller:
    input: ../clusters/cluster_lists/MOB_secondary/addenbrookes/cluster_AA154_list.txt
    output: ggcaller/MOB_secondary/cluster_AA154
    jobid: 25
    reason: Missing output files: ggcaller/MOB_secondary/cluster_AA154
    wildcards: cluster=cluster_AA154
    resources: tmpdir=/tmp

Activating conda environment: ggc_env
[Tue Jun  4 15:37:57 2024]
Finished job 25.
7 of 34 steps (21%) done
Select jobs to execute...

[Tue Jun  4 15:37:57 2024]
rule ggcaller:
    input: ../clusters/cluster_lists/MOB_secondary/addenbrookes/cluster_AA084_list.txt
    output: ggcaller/MOB_secondary/cluster_AA084
    jobid: 18
    reason: Missing output files: ggcaller/MOB_secondary/cluster_AA084
    wildcards: cluster=cluster_AA084
    resources: tmpdir=/tmp

Activating conda environment: ggc_env
[Tue Jun  4 15:38:31 2024]
Finished job 18.
8 of 34 steps (24%) done
Select jobs to execute...

[Tue Jun  4 15:38:31 2024]
rule ggcaller:
    input: ../clusters/cluster_lists/MOB_secondary/addenbrookes/cluster_AA142_list.txt
    output: ggcaller/MOB_secondary/cluster_AA142
    jobid: 3
    reason: Missing output files: ggcaller/MOB_secondary/cluster_AA142
    wildcards: cluster=cluster_AA142
    resources: tmpdir=/tmp

Activating conda environment: ggc_env
[Tue Jun  4 15:38:57 2024]
Finished job 3.
9 of 34 steps (26%) done
Select jobs to execute...

[Tue Jun  4 15:38:57 2024]
rule ggcaller:
    input: ../clusters/cluster_lists/MOB_secondary/addenbrookes/cluster_AA171_list.txt
    output: ggcaller/MOB_secondary/cluster_AA171
    jobid: 33
    reason: Missing output files: ggcaller/MOB_secondary/cluster_AA171
    wildcards: cluster=cluster_AA171
    resources: tmpdir=/tmp

Activating conda environment: ggc_env
[Tue Jun  4 15:39:17 2024]
Finished job 33.
10 of 34 steps (29%) done
Select jobs to execute...

[Tue Jun  4 15:39:17 2024]
rule ggcaller:
    input: ../clusters/cluster_lists/MOB_secondary/addenbrookes/cluster_AA146_list.txt
    output: ggcaller/MOB_secondary/cluster_AA146
    jobid: 11
    reason: Missing output files: ggcaller/MOB_secondary/cluster_AA146
    wildcards: cluster=cluster_AA146
    resources: tmpdir=/tmp

Activating conda environment: ggc_env
[Tue Jun  4 15:39:59 2024]
Finished job 11.
11 of 34 steps (32%) done
Select jobs to execute...

[Tue Jun  4 15:39:59 2024]
rule ggcaller:
    input: ../clusters/cluster_lists/MOB_secondary/addenbrookes/cluster_AA173_list.txt
    output: ggcaller/MOB_secondary/cluster_AA173
    jobid: 26
    reason: Missing output files: ggcaller/MOB_secondary/cluster_AA173
    wildcards: cluster=cluster_AA173
    resources: tmpdir=/tmp

Activating conda environment: ggc_env
[Tue Jun  4 15:40:23 2024]
Finished job 26.
12 of 34 steps (35%) done
Select jobs to execute...

[Tue Jun  4 15:40:23 2024]
rule ggcaller:
    input: ../clusters/cluster_lists/MOB_secondary/addenbrookes/cluster_AA116_list.txt
    output: ggcaller/MOB_secondary/cluster_AA116
    jobid: 19
    reason: Missing output files: ggcaller/MOB_secondary/cluster_AA116
    wildcards: cluster=cluster_AA116
    resources: tmpdir=/tmp

Activating conda environment: ggc_env
[Tue Jun  4 15:40:55 2024]
Finished job 19.
13 of 34 steps (38%) done
Select jobs to execute...

[Tue Jun  4 15:40:55 2024]
rule ggcaller:
    input: ../clusters/cluster_lists/MOB_secondary/addenbrookes/cluster_AA102_list.txt
    output: ggcaller/MOB_secondary/cluster_AA102
    jobid: 4
    reason: Missing output files: ggcaller/MOB_secondary/cluster_AA102
    wildcards: cluster=cluster_AA102
    resources: tmpdir=/tmp

Activating conda environment: ggc_env
[Tue Jun  4 15:41:16 2024]
Finished job 4.
14 of 34 steps (41%) done
Select jobs to execute...

[Tue Jun  4 15:41:16 2024]
rule ggcaller:
    input: ../clusters/cluster_lists/MOB_secondary/addenbrookes/cluster_AA106_list.txt
    output: ggcaller/MOB_secondary/cluster_AA106
    jobid: 12
    reason: Missing output files: ggcaller/MOB_secondary/cluster_AA106
    wildcards: cluster=cluster_AA106
    resources: tmpdir=/tmp

Activating conda environment: ggc_env
[Tue Jun  4 15:41:43 2024]
Finished job 12.
15 of 34 steps (44%) done
Select jobs to execute...

[Tue Jun  4 15:41:43 2024]
rule ggcaller:
    input: ../clusters/cluster_lists/MOB_secondary/addenbrookes/cluster_AA158_list.txt
    output: ggcaller/MOB_secondary/cluster_AA158
    jobid: 13
    reason: Missing output files: ggcaller/MOB_secondary/cluster_AA158
    wildcards: cluster=cluster_AA158
    resources: tmpdir=/tmp

Activating conda environment: ggc_env
[Tue Jun  4 15:41:59 2024]
Finished job 13.
16 of 34 steps (47%) done
Select jobs to execute...

[Tue Jun  4 15:41:59 2024]
rule ggcaller:
    input: ../clusters/cluster_lists/MOB_secondary/addenbrookes/cluster_AA177_list.txt
    output: ggcaller/MOB_secondary/cluster_AA177
    jobid: 15
    reason: Missing output files: ggcaller/MOB_secondary/cluster_AA177
    wildcards: cluster=cluster_AA177
    resources: tmpdir=/tmp

Activating conda environment: ggc_env
[Tue Jun  4 15:42:19 2024]
Finished job 15.
17 of 34 steps (50%) done
Select jobs to execute...

[Tue Jun  4 15:42:19 2024]
rule ggcaller:
    input: ../clusters/cluster_lists/MOB_secondary/addenbrookes/cluster_AA156_list.txt
    output: ggcaller/MOB_secondary/cluster_AA156
    jobid: 28
    reason: Missing output files: ggcaller/MOB_secondary/cluster_AA156
    wildcards: cluster=cluster_AA156
    resources: tmpdir=/tmp

Activating conda environment: ggc_env
[Tue Jun  4 15:42:36 2024]
Finished job 28.
18 of 34 steps (53%) done
Select jobs to execute...

[Tue Jun  4 15:42:36 2024]
rule ggcaller:
    input: ../clusters/cluster_lists/MOB_secondary/addenbrookes/cluster_AA091_list.txt
    output: ggcaller/MOB_secondary/cluster_AA091
    jobid: 1
    reason: Missing output files: ggcaller/MOB_secondary/cluster_AA091
    wildcards: cluster=cluster_AA091
    resources: tmpdir=/tmp

Activating conda environment: ggc_env
[Tue Jun  4 15:42:53 2024]
Finished job 1.
19 of 34 steps (56%) done
Select jobs to execute...

[Tue Jun  4 15:42:53 2024]
rule ggcaller:
    input: ../clusters/cluster_lists/MOB_secondary/addenbrookes/cluster_AA105_list.txt
    output: ggcaller/MOB_secondary/cluster_AA105
    jobid: 31
    reason: Missing output files: ggcaller/MOB_secondary/cluster_AA105
    wildcards: cluster=cluster_AA105
    resources: tmpdir=/tmp

Activating conda environment: ggc_env
[Tue Jun  4 15:43:18 2024]
Finished job 31.
20 of 34 steps (59%) done
Select jobs to execute...

[Tue Jun  4 15:43:18 2024]
rule ggcaller:
    input: ../clusters/cluster_lists/MOB_secondary/addenbrookes/cluster_AA139_list.txt
    output: ggcaller/MOB_secondary/cluster_AA139
    jobid: 20
    reason: Missing output files: ggcaller/MOB_secondary/cluster_AA139
    wildcards: cluster=cluster_AA139
    resources: tmpdir=/tmp

Activating conda environment: ggc_env
[Tue Jun  4 15:43:43 2024]
Finished job 20.
21 of 34 steps (62%) done
Select jobs to execute...

[Tue Jun  4 15:43:43 2024]
rule ggcaller:
    input: ../clusters/cluster_lists/MOB_secondary/addenbrookes/cluster_AA083_list.txt
    output: ggcaller/MOB_secondary/cluster_AA083
    jobid: 5
    reason: Missing output files: ggcaller/MOB_secondary/cluster_AA083
    wildcards: cluster=cluster_AA083
    resources: tmpdir=/tmp

Activating conda environment: ggc_env
[Tue Jun  4 15:44:43 2024]
Finished job 5.
22 of 34 steps (65%) done
Select jobs to execute...

[Tue Jun  4 15:44:43 2024]
rule ggcaller:
    input: ../clusters/cluster_lists/MOB_secondary/addenbrookes/cluster_AA141_list.txt
    output: ggcaller/MOB_secondary/cluster_AA141
    jobid: 22
    reason: Missing output files: ggcaller/MOB_secondary/cluster_AA141
    wildcards: cluster=cluster_AA141
    resources: tmpdir=/tmp

Activating conda environment: ggc_env
[Tue Jun  4 15:45:04 2024]
Finished job 22.
23 of 34 steps (68%) done
Select jobs to execute...

[Tue Jun  4 15:45:04 2024]
rule ggcaller:
    input: ../clusters/cluster_lists/MOB_secondary/addenbrookes/cluster_AA138_list.txt
    output: ggcaller/MOB_secondary/cluster_AA138
    jobid: 7
    reason: Missing output files: ggcaller/MOB_secondary/cluster_AA138
    wildcards: cluster=cluster_AA138
    resources: tmpdir=/tmp

Activating conda environment: ggc_env
[Tue Jun  4 15:45:30 2024]
Finished job 7.
24 of 34 steps (71%) done
Select jobs to execute...

[Tue Jun  4 15:45:30 2024]
rule ggcaller:
    input: ../clusters/cluster_lists/MOB_secondary/addenbrookes/cluster_AA130_list.txt
    output: ggcaller/MOB_secondary/cluster_AA130
    jobid: 16
    reason: Missing output files: ggcaller/MOB_secondary/cluster_AA130
    wildcards: cluster=cluster_AA130
    resources: tmpdir=/tmp

Activating conda environment: ggc_env
[Tue Jun  4 15:45:56 2024]
Finished job 16.
25 of 34 steps (74%) done
Select jobs to execute...

[Tue Jun  4 15:45:56 2024]
rule ggcaller:
    input: ../clusters/cluster_lists/MOB_secondary/addenbrookes/cluster_AA176_list.txt
    output: ggcaller/MOB_secondary/cluster_AA176
    jobid: 27
    reason: Missing output files: ggcaller/MOB_secondary/cluster_AA176
    wildcards: cluster=cluster_AA176
    resources: tmpdir=/tmp

Activating conda environment: ggc_env
[Tue Jun  4 15:46:16 2024]
Finished job 27.
26 of 34 steps (76%) done
Select jobs to execute...

[Tue Jun  4 15:46:16 2024]
rule ggcaller:
    input: ../clusters/cluster_lists/MOB_secondary/addenbrookes/cluster_AA136_list.txt
    output: ggcaller/MOB_secondary/cluster_AA136
    jobid: 14
    reason: Missing output files: ggcaller/MOB_secondary/cluster_AA136
    wildcards: cluster=cluster_AA136
    resources: tmpdir=/tmp

Activating conda environment: ggc_env
[Tue Jun  4 15:46:36 2024]
Finished job 14.
27 of 34 steps (79%) done
Select jobs to execute...

[Tue Jun  4 15:46:36 2024]
rule ggcaller:
    input: ../clusters/cluster_lists/MOB_secondary/addenbrookes/cluster_AA104_list.txt
    output: ggcaller/MOB_secondary/cluster_AA104
    jobid: 8
    reason: Missing output files: ggcaller/MOB_secondary/cluster_AA104
    wildcards: cluster=cluster_AA104
    resources: tmpdir=/tmp

Activating conda environment: ggc_env
[Tue Jun  4 15:47:11 2024]
Finished job 8.
28 of 34 steps (82%) done
Select jobs to execute...

[Tue Jun  4 15:47:11 2024]
rule ggcaller:
    input: ../clusters/cluster_lists/MOB_secondary/addenbrookes/cluster_AA166_list.txt
    output: ggcaller/MOB_secondary/cluster_AA166
    jobid: 23
    reason: Missing output files: ggcaller/MOB_secondary/cluster_AA166
    wildcards: cluster=cluster_AA166
    resources: tmpdir=/tmp

Activating conda environment: ggc_env
[Tue Jun  4 15:47:28 2024]
Finished job 23.
29 of 34 steps (85%) done
Select jobs to execute...

[Tue Jun  4 15:47:28 2024]
rule ggcaller:
    input: ../clusters/cluster_lists/MOB_secondary/addenbrookes/cluster_AA114_list.txt
    output: ggcaller/MOB_secondary/cluster_AA114
    jobid: 6
    reason: Missing output files: ggcaller/MOB_secondary/cluster_AA114
    wildcards: cluster=cluster_AA114
    resources: tmpdir=/tmp

Activating conda environment: ggc_env
[Tue Jun  4 15:47:58 2024]
Finished job 6.
30 of 34 steps (88%) done
Select jobs to execute...

[Tue Jun  4 15:47:58 2024]
rule ggcaller:
    input: ../clusters/cluster_lists/MOB_secondary/addenbrookes/cluster_AA185_list.txt
    output: ggcaller/MOB_secondary/cluster_AA185
    jobid: 21
    reason: Missing output files: ggcaller/MOB_secondary/cluster_AA185
    wildcards: cluster=cluster_AA185
    resources: tmpdir=/tmp

Activating conda environment: ggc_env
[Tue Jun  4 15:48:18 2024]
Finished job 21.
31 of 34 steps (91%) done
Select jobs to execute...

[Tue Jun  4 15:48:18 2024]
rule ggcaller:
    input: ../clusters/cluster_lists/MOB_secondary/addenbrookes/cluster_AA101_list.txt
    output: ggcaller/MOB_secondary/cluster_AA101
    jobid: 9
    reason: Missing output files: ggcaller/MOB_secondary/cluster_AA101
    wildcards: cluster=cluster_AA101
    resources: tmpdir=/tmp

Activating conda environment: ggc_env
[Tue Jun  4 15:48:43 2024]
Finished job 9.
32 of 34 steps (94%) done
Select jobs to execute...

[Tue Jun  4 15:48:43 2024]
rule ggcaller:
    input: ../clusters/cluster_lists/MOB_secondary/addenbrookes/cluster_AA132_list.txt
    output: ggcaller/MOB_secondary/cluster_AA132
    jobid: 30
    reason: Missing output files: ggcaller/MOB_secondary/cluster_AA132
    wildcards: cluster=cluster_AA132
    resources: tmpdir=/tmp

Activating conda environment: ggc_env
[Tue Jun  4 15:49:06 2024]
Finished job 30.
33 of 34 steps (97%) done
Select jobs to execute...

[Tue Jun  4 15:49:06 2024]
localrule all:
    input: ggcaller/MOB_secondary/cluster_AA091, ggcaller/MOB_secondary/cluster_AA180, ggcaller/MOB_secondary/cluster_AA142, ggcaller/MOB_secondary/cluster_AA102, ggcaller/MOB_secondary/cluster_AA083, ggcaller/MOB_secondary/cluster_AA114, ggcaller/MOB_secondary/cluster_AA138, ggcaller/MOB_secondary/cluster_AA104, ggcaller/MOB_secondary/cluster_AA101, ggcaller/MOB_secondary/cluster_AA126, ggcaller/MOB_secondary/cluster_AA146, ggcaller/MOB_secondary/cluster_AA106, ggcaller/MOB_secondary/cluster_AA158, ggcaller/MOB_secondary/cluster_AA136, ggcaller/MOB_secondary/cluster_AA177, ggcaller/MOB_secondary/cluster_AA130, ggcaller/MOB_secondary/cluster_AA103, ggcaller/MOB_secondary/cluster_AA084, ggcaller/MOB_secondary/cluster_AA116, ggcaller/MOB_secondary/cluster_AA139, ggcaller/MOB_secondary/cluster_AA185, ggcaller/MOB_secondary/cluster_AA141, ggcaller/MOB_secondary/cluster_AA166, ggcaller/MOB_secondary/cluster_AA125, ggcaller/MOB_secondary/cluster_AA154, ggcaller/MOB_secondary/cluster_AA173, ggcaller/MOB_secondary/cluster_AA176, ggcaller/MOB_secondary/cluster_AA156, ggcaller/MOB_secondary/cluster_AA137, ggcaller/MOB_secondary/cluster_AA132, ggcaller/MOB_secondary/cluster_AA105, ggcaller/MOB_secondary/cluster_AA113, ggcaller/MOB_secondary/cluster_AA171
    jobid: 0
    reason: Input files updated by another job: ggcaller/MOB_secondary/cluster_AA084, ggcaller/MOB_secondary/cluster_AA136, ggcaller/MOB_secondary/cluster_AA154, ggcaller/MOB_secondary/cluster_AA102, ggcaller/MOB_secondary/cluster_AA103, ggcaller/MOB_secondary/cluster_AA106, ggcaller/MOB_secondary/cluster_AA180, ggcaller/MOB_secondary/cluster_AA105, ggcaller/MOB_secondary/cluster_AA101, ggcaller/MOB_secondary/cluster_AA116, ggcaller/MOB_secondary/cluster_AA125, ggcaller/MOB_secondary/cluster_AA139, ggcaller/MOB_secondary/cluster_AA171, ggcaller/MOB_secondary/cluster_AA091, ggcaller/MOB_secondary/cluster_AA130, ggcaller/MOB_secondary/cluster_AA166, ggcaller/MOB_secondary/cluster_AA137, ggcaller/MOB_secondary/cluster_AA177, ggcaller/MOB_secondary/cluster_AA104, ggcaller/MOB_secondary/cluster_AA142, ggcaller/MOB_secondary/cluster_AA173, ggcaller/MOB_secondary/cluster_AA141, ggcaller/MOB_secondary/cluster_AA083, ggcaller/MOB_secondary/cluster_AA185, ggcaller/MOB_secondary/cluster_AA114, ggcaller/MOB_secondary/cluster_AA146, ggcaller/MOB_secondary/cluster_AA138, ggcaller/MOB_secondary/cluster_AA126, ggcaller/MOB_secondary/cluster_AA156, ggcaller/MOB_secondary/cluster_AA176, ggcaller/MOB_secondary/cluster_AA158, ggcaller/MOB_secondary/cluster_AA113, ggcaller/MOB_secondary/cluster_AA132
    resources: tmpdir=/tmp

[Tue Jun  4 15:49:06 2024]
Finished job 0.
34 of 34 steps (100%) done
Complete log: .snakemake/log/2024-06-04T153406.947317.snakemake.log
