Building DAG of jobs...
Using shell: /usr/bin/bash
Provided cores: 1 (use --cores to define parallelism)
Rules claiming more threads will be scaled down.
Conda environments: ignored
Job stats:
job         count
--------  -------
all             1
ggcaller       25
total          26

Select jobs to execute...

[Tue Jun  4 15:09:35 2024]
rule ggcaller:
    input: ../clusters/cluster_lists/pling/addenbrookes/community_13_subcommunity_0.txt
    output: /ggcaller/pling/community_13_subcommunity_0
    jobid: 24
    reason: Missing output files: /ggcaller/pling/community_13_subcommunity_0
    wildcards: cluster=community_13_subcommunity_0
    resources: tmpdir=/tmp

