Building DAG of jobs...
Using shell: /usr/bin/bash
Provided cores: 1 (use --cores to define parallelism)
Rules claiming more threads will be scaled down.
Job stats:
job         count
--------  -------
all             1
ggcaller       25
total          26

Select jobs to execute...

[Tue Jun  4 15:15:09 2024]
rule ggcaller:
    input: ../clusters/cluster_lists/pling/addenbrookes/community_13_subcommunity_0.txt
    output: ggcaller/pling/community_13_subcommunity_0
    jobid: 24
    reason: Forced execution
    wildcards: cluster=community_13_subcommunity_0
    resources: tmpdir=/tmp

Activating conda environment: ggc_env
[Tue Jun  4 15:15:27 2024]
Finished job 24.
1 of 26 steps (4%) done
Select jobs to execute...

[Tue Jun  4 15:15:27 2024]
rule ggcaller:
    input: ../clusters/cluster_lists/pling/addenbrookes/community_18_subcommunity_0.txt
    output: ggcaller/pling/community_18_subcommunity_0
    jobid: 17
    reason: Forced execution
    wildcards: cluster=community_18_subcommunity_0
    resources: tmpdir=/tmp

Activating conda environment: ggc_env
[Tue Jun  4 15:15:53 2024]
Error in rule ggcaller:
    jobid: 17
    input: ../clusters/cluster_lists/pling/addenbrookes/community_18_subcommunity_0.txt
    output: ggcaller/pling/community_18_subcommunity_0
    conda-env: ggc_env
    shell:
        ggcaller --refs ../clusters/cluster_lists/pling/addenbrookes/community_18_subcommunity_0.txt --out ggcaller/pling/community_18_subcommunity_0 --repeat
        (one of the commands exited with non-zero exit code; note that snakemake uses bash strict mode!)

Removing output files of failed job ggcaller since they might be corrupted:
ggcaller/pling/community_18_subcommunity_0
Shutting down, this might take some time.
Exiting because a job execution failed. Look above for error message
Complete log: .snakemake/log/2024-06-04T151509.042877.snakemake.log
