Building DAG of jobs...
Using shell: /usr/bin/bash
Provided cores: 1 (use --cores to define parallelism)
Rules claiming more threads will be scaled down.
Job stats:
job         count
--------  -------
all             1
ggcaller       33
total          34

Select jobs to execute...

[Tue Jun  4 15:26:02 2024]
rule ggcaller:
    input: ../clusters/cluster_lists/MOB_secondary/addenbrookes/cluster_AA137_list.txt
    output: ggcaller/MOB_secondary/cluster_AA137
    jobid: 29
    reason: Missing output files: ggcaller/MOB_secondary/cluster_AA137
    wildcards: cluster=cluster_AA137
    resources: tmpdir=/tmp

Activating conda environment: ggc_env
[Tue Jun  4 15:26:24 2024]
Error in rule ggcaller:
    jobid: 29
    input: ../clusters/cluster_lists/MOB_secondary/addenbrookes/cluster_AA137_list.txt
    output: ggcaller/MOB_secondary/cluster_AA137
    conda-env: ggc_env
    shell:
        ggcaller --refs ../clusters/cluster_lists/MOB_secondary/addenbrookes/cluster_AA137_list.txt --out ggcaller/MOB_secondary/cluster_AA137 --repeat
        (one of the commands exited with non-zero exit code; note that snakemake uses bash strict mode!)

Removing output files of failed job ggcaller since they might be corrupted:
ggcaller/MOB_secondary/cluster_AA137
Shutting down, this might take some time.
Exiting because a job execution failed. Look above for error message
Complete log: .snakemake/log/2024-06-04T152602.175925.snakemake.log
